Arguments: 
  /usr/bin/node /usr/share/yarn/bin/yarn.js add react-navigation react-gesture-handler react-native-reanimated

PATH: 
  /usr/java/jre1.8.0_201/bin:/home/lucas/.local/bin:/usr/java/jre1.8.0_201/bin:/home/lucas/.local/bin:/usr/local/sbin:/usr/local/bin:/usr/sbin:/usr/bin:/sbin:/bin:/usr/games:/usr/local/games:/snap/bin:/usr/lib/jvm/java-10-oracle/bin:/usr/lib/jvm/java-10-oracle/db/bin:/usr/lib/jvm/java-10-oracle/bin:/usr/lib/jvm/java-10-oracle/db/bin:/home/lucas/Android/Sdk/tools:/home/lucas/Android/Sdk/platform-tools:/home/lucas/Android/Sdk/tools:/home/lucas/Android/Sdk/platform-tools:/home/lucas/Android/Sdk/tools:/home/lucas/Android/Sdk/platform-tools

Yarn version: 
  1.17.3

Node version: 
  10.15.2

Platform: 
  linux x64

Trace: 
  Error: https://registry.yarnpkg.com/react-gesture-handler: Not found
      at Request.params.callback [as _callback] (/usr/share/yarn/lib/cli.js:66830:18)
      at Request.self.callback (/usr/share/yarn/lib/cli.js:140464:22)
      at Request.emit (events.js:189:13)
      at Request.<anonymous> (/usr/share/yarn/lib/cli.js:141436:10)
      at Request.emit (events.js:189:13)
      at IncomingMessage.<anonymous> (/usr/share/yarn/lib/cli.js:141358:12)
      at Object.onceWrapper (events.js:277:13)
      at IncomingMessage.emit (events.js:194:15)
      at endReadableNT (_stream_readable.js:1103:12)
      at process._tickCallback (internal/process/next_tick.js:63:19)

npm manifest: 
  No manifest

yarn manifest: 
  No manifest

Lockfile: 
  No lockfile
